2013-11-18 11:47:04: -- FolderTransfer_Web: ANALYSIS started by User on 'MING-PC' (GoodSync 9.5.5.5)
2013-11-18 11:47:04: D:\工作项目\BackupCow_Web\FolderTransfer =PropDels=> C:\Hao.Backup\FolderTransfer_Web, UberUnlockedUpload
2013-11-18 11:47:04: L: State file does not exist: D:\工作项目\BackupCow_Web\FolderTransfer\_gsdata_\_file_state._gs
2013-11-18 11:47:04: L: No State File found, New State will be built
2013-11-18 11:47:04: L: Files: 229 (excluded 1). Folders: 13 (excluded ). D: NTFS, Free: 263 GB, Total: 459 GB
2013-11-18 11:47:04: R: State file does not exist: C:\Hao.Backup\FolderTransfer_Web\_gsdata_\_file_state._gs
2013-11-18 11:47:04: R: No State File found, New State will be built
2013-11-18 11:47:04: R: Files:  (excluded ). Folders:  (excluded ). C: NTFS, Free: 344 GB, Total: 458 GB
2013-11-18 11:47:04: Changes: 242, Conflicts: , CopyTime: , CopyState: /, Errors: 
2013-11-18 11:47:04: Left to Right: Copy File: 242 
2013-11-18 11:47:04: -- Analysis Completed. Time 00:00:00, Speed: Many files/s
2013-11-18 11:47:04: 
2013-11-18 11:47:12: New _gsdata_ folder(s) created, so rescan all job folders for their ghosts
2013-11-18 11:47:12: == FolderTransfer_Web: SYNC started by User on 'MING-PC'
2013-11-18 11:47:12: D:\工作项目\BackupCow_Web\FolderTransfer =PropDels=> C:\Hao.Backup\FolderTransfer_Web, UberUnlockedUpload
2013-11-18 11:47:12: Create Folder 'C:\Hao.Backup\FolderTransfer_Web\Activate'
2013-11-18 11:47:12: Create Folder 'C:\Hao.Backup\FolderTransfer_Web\Ads'
2013-11-18 11:47:12: Create Folder 'C:\Hao.Backup\FolderTransfer_Web\App_Code'
2013-11-18 11:47:12: Create Folder 'C:\Hao.Backup\FolderTransfer_Web\Bin'
2013-11-18 11:47:12: Create Folder 'C:\Hao.Backup\FolderTransfer_Web\Company'
2013-11-18 11:47:12: Create Folder 'C:\Hao.Backup\FolderTransfer_Web\css'
2013-11-18 11:47:12: Create Folder 'C:\Hao.Backup\FolderTransfer_Web\Download'
2013-11-18 11:47:12: Create Folder 'C:\Hao.Backup\FolderTransfer_Web\images'
2013-11-18 11:47:12: Create Folder 'C:\Hao.Backup\FolderTransfer_Web\images1'
2013-11-18 11:47:12: Create Folder 'C:\Hao.Backup\FolderTransfer_Web\images1\Manual'
2013-11-18 11:47:12: Create Folder 'C:\Hao.Backup\FolderTransfer_Web\images1\ss'
2013-11-18 11:47:12: Create Folder 'C:\Hao.Backup\FolderTransfer_Web\ip'
2013-11-18 11:47:12: Create Folder 'C:\Hao.Backup\FolderTransfer_Web\Properties'
2013-11-18 11:47:12: Copy New 'D:\工作项目\BackupCow_Web\FolderTransfer\AccountList.aspx' -> 'C:\Hao.Backup\FolderTransfer_Web\AccountList.aspx'
2013-11-18 11:47:12: Copy New 'D:\工作项目\BackupCow_Web\FolderTransfer\AccountList.aspx.cs' -> 'C:\Hao.Backup\FolderTransfer_Web\AccountList.aspx.cs'
2013-11-18 11:47:12: Copy New 'D:\工作项目\BackupCow_Web\FolderTransfer\AccountList.aspx.designer.cs' -> 'C:\Hao.Backup\FolderTransfer_Web\AccountList.aspx.designer.cs'
2013-11-18 11:47:12: Copy New 'D:\工作项目\BackupCow_Web\FolderTransfer\AccountPcList.aspx' -> 'C:\Hao.Backup\FolderTransfer_Web\AccountPcList.aspx'
2013-11-18 11:47:12: Copy New 'D:\工作项目\BackupCow_Web\FolderTransfer\AccountPcList.aspx.cs' -> 'C:\Hao.Backup\FolderTransfer_Web\AccountPcList.aspx.cs'
2013-11-18 11:47:12: Copy New 'D:\工作项目\BackupCow_Web\FolderTransfer\AccountPcList.aspx.designer.cs' -> 'C:\Hao.Backup\FolderTransfer_Web\AccountPcList.aspx.designer.cs'
2013-11-18 11:47:12: Copy New 'D:\工作项目\BackupCow_Web\FolderTransfer\Activate\GetBatPayKey.aspx' -> 'C:\Hao.Backup\FolderTransfer_Web\Activate\GetBatPayKey.aspx'
2013-11-18 11:47:12: Copy New 'D:\工作项目\BackupCow_Web\FolderTransfer\Activate\GetBatPayKey.aspx.cs' -> 'C:\Hao.Backup\FolderTransfer_Web\Activate\GetBatPayKey.aspx.cs'
2013-11-18 11:47:12: Copy New 'D:\工作项目\BackupCow_Web\FolderTransfer\Activate\GetBatPayKey.aspx.designer.cs' -> 'C:\Hao.Backup\FolderTransfer_Web\Activate\GetBatPayKey.aspx.designer.cs'
2013-11-18 11:47:12: Copy New 'D:\工作项目\BackupCow_Web\FolderTransfer\Activate\GetLicenseKey.aspx' -> 'C:\Hao.Backup\FolderTransfer_Web\Activate\GetLicenseKey.aspx'
2013-11-18 11:47:12: Copy New 'D:\工作项目\BackupCow_Web\FolderTransfer\Activate\GetLicenseKey.aspx.cs' -> 'C:\Hao.Backup\FolderTransfer_Web\Activate\GetLicenseKey.aspx.cs'
2013-11-18 11:47:12: Copy New 'D:\工作项目\BackupCow_Web\FolderTransfer\Activate\GetLicenseKey.aspx.designer.cs' -> 'C:\Hao.Backup\FolderTransfer_Web\Activate\GetLicenseKey.aspx.designer.cs'
2013-11-18 11:47:12: Copy New 'D:\工作项目\BackupCow_Web\FolderTransfer\Activate\GetPayKey.aspx' -> 'C:\Hao.Backup\FolderTransfer_Web\Activate\GetPayKey.aspx'
2013-11-18 11:47:12: Copy New 'D:\工作项目\BackupCow_Web\FolderTransfer\Activate\GetPayKey.aspx.cs' -> 'C:\Hao.Backup\FolderTransfer_Web\Activate\GetPayKey.aspx.cs'
2013-11-18 11:47:12: Copy New 'D:\工作项目\BackupCow_Web\FolderTransfer\Activate\GetPayKey.aspx.designer.cs' -> 'C:\Hao.Backup\FolderTransfer_Web\Activate\GetPayKey.aspx.designer.cs'
2013-11-18 11:47:12: Copy New 'D:\工作项目\BackupCow_Web\FolderTransfer\Activate\GetTrialKey.aspx' -> 'C:\Hao.Backup\FolderTransfer_Web\Activate\GetTrialKey.aspx'
2013-11-18 11:47:12: Copy New 'D:\工作项目\BackupCow_Web\FolderTransfer\Activate\GetTrialKey.aspx.cs' -> 'C:\Hao.Backup\FolderTransfer_Web\Activate\GetTrialKey.aspx.cs'
2013-11-18 11:47:12: Copy New 'D:\工作项目\BackupCow_Web\FolderTransfer\Activate\GetTrialKey.aspx.designer.cs' -> 'C:\Hao.Backup\FolderTransfer_Web\Activate\GetTrialKey.aspx.designer.cs'
2013-11-18 11:47:12: Copy New 'D:\工作项目\BackupCow_Web\FolderTransfer\adminList.aspx' -> 'C:\Hao.Backup\FolderTransfer_Web\adminList.aspx'
2013-11-18 11:47:12: Copy New 'D:\工作项目\BackupCow_Web\FolderTransfer\adminList.aspx.cs' -> 'C:\Hao.Backup\FolderTransfer_Web\adminList.aspx.cs'
2013-11-18 11:47:12: Copy New 'D:\工作项目\BackupCow_Web\FolderTransfer\adminList.aspx.designer.cs' -> 'C:\Hao.Backup\FolderTransfer_Web\adminList.aspx.designer.cs'
2013-11-18 11:47:12: Copy New 'D:\工作项目\BackupCow_Web\FolderTransfer\Ads\AdsCheck.aspx' -> 'C:\Hao.Backup\FolderTransfer_Web\Ads\AdsCheck.aspx'
2013-11-18 11:47:12: Copy New 'D:\工作项目\BackupCow_Web\FolderTransfer\Ads\AdsCheck.aspx.cs' -> 'C:\Hao.Backup\FolderTransfer_Web\Ads\AdsCheck.aspx.cs'
2013-11-18 11:47:12: Copy New 'D:\工作项目\BackupCow_Web\FolderTransfer\Ads\AdsMark.aspx' -> 'C:\Hao.Backup\FolderTransfer_Web\Ads\AdsMark.aspx'
2013-11-18 11:47:12: Copy New 'D:\工作项目\BackupCow_Web\FolderTransfer\Ads\AdsMark.aspx.cs' -> 'C:\Hao.Backup\FolderTransfer_Web\Ads\AdsMark.aspx.cs'
2013-11-18 11:47:12: Copy New 'D:\工作项目\BackupCow_Web\FolderTransfer\AdsClick.aspx' -> 'C:\Hao.Backup\FolderTransfer_Web\AdsClick.aspx'
2013-11-18 11:47:12: Copy New 'D:\工作项目\BackupCow_Web\FolderTransfer\AdsClick.aspx.cs' -> 'C:\Hao.Backup\FolderTransfer_Web\AdsClick.aspx.cs'
2013-11-18 11:47:12: Copy New 'D:\工作项目\BackupCow_Web\FolderTransfer\App_Code\Activation.cs' -> 'C:\Hao.Backup\FolderTransfer_Web\App_Code\Activation.cs'
2013-11-18 11:47:12: Copy New 'D:\工作项目\BackupCow_Web\FolderTransfer\App_Code\AppUserInfo.cs' -> 'C:\Hao.Backup\FolderTransfer_Web\App_Code\AppUserInfo.cs'
2013-11-18 11:47:12: Copy New 'D:\工作项目\BackupCow_Web\FolderTransfer\App_Code\CompanyInfo.cs' -> 'C:\Hao.Backup\FolderTransfer_Web\App_Code\CompanyInfo.cs'
2013-11-18 11:47:12: Copy New 'D:\工作项目\BackupCow_Web\FolderTransfer\App_Code\Conn.cs' -> 'C:\Hao.Backup\FolderTransfer_Web\App_Code\Conn.cs'
2013-11-18 11:47:12: Copy New 'D:\工作项目\BackupCow_Web\FolderTransfer\App_Code\DailyUserInfo.cs' -> 'C:\Hao.Backup\FolderTransfer_Web\App_Code\DailyUserInfo.cs'
2013-11-18 11:47:12: Copy New 'D:\工作项目\BackupCow_Web\FolderTransfer\App_Code\Decryption.cs' -> 'C:\Hao.Backup\FolderTransfer_Web\App_Code\Decryption.cs'
2013-11-18 11:47:12: Copy New 'D:\工作项目\BackupCow_Web\FolderTransfer\App_Code\ForgetPasswordInfo.cs' -> 'C:\Hao.Backup\FolderTransfer_Web\App_Code\ForgetPasswordInfo.cs'
2013-11-18 11:47:12: Copy New 'D:\工作项目\BackupCow_Web\FolderTransfer\App_Code\Global.asax.cs' -> 'C:\Hao.Backup\FolderTransfer_Web\App_Code\Global.asax.cs'
2013-11-18 11:47:12: Copy New 'D:\工作项目\BackupCow_Web\FolderTransfer\App_Code\JScript.cs' -> 'C:\Hao.Backup\FolderTransfer_Web\App_Code\JScript.cs'
2013-11-18 11:47:12: Copy New 'D:\工作项目\BackupCow_Web\FolderTransfer\App_Code\MailMessage.cs' -> 'C:\Hao.Backup\FolderTransfer_Web\App_Code\MailMessage.cs'
2013-11-18 11:47:12: Copy New 'D:\工作项目\BackupCow_Web\FolderTransfer\App_Code\Order.cs' -> 'C:\Hao.Backup\FolderTransfer_Web\App_Code\Order.cs'
2013-11-18 11:47:12: Copy New 'D:\工作项目\BackupCow_Web\FolderTransfer\App_Code\OrderMail.cs' -> 'C:\Hao.Backup\FolderTransfer_Web\App_Code\OrderMail.cs'
2013-11-18 11:47:12: Copy New 'D:\工作项目\BackupCow_Web\FolderTransfer\App_Code\Pop3MailClient.cs' -> 'C:\Hao.Backup\FolderTransfer_Web\App_Code\Pop3MailClient.cs'
2013-11-18 11:47:12: Copy New 'D:\工作项目\BackupCow_Web\FolderTransfer\App_Code\RemoteNavigate.cs' -> 'C:\Hao.Backup\FolderTransfer_Web\App_Code\RemoteNavigate.cs'
2013-11-18 11:47:12: Copy New 'D:\工作项目\BackupCow_Web\FolderTransfer\App_Code\SendMail.cs' -> 'C:\Hao.Backup\FolderTransfer_Web\App_Code\SendMail.cs'
2013-11-18 11:47:12: Copy New 'D:\工作项目\BackupCow_Web\FolderTransfer\App_Code\SmtpServer.cs' -> 'C:\Hao.Backup\FolderTransfer_Web\App_Code\SmtpServer.cs'
2013-11-18 11:47:12: Copy New 'D:\工作项目\BackupCow_Web\FolderTransfer\App_Code\SocketHelper.cs' -> 'C:\Hao.Backup\FolderTransfer_Web\App_Code\SocketHelper.cs'
2013-11-18 11:47:12: Copy New 'D:\工作项目\BackupCow_Web\FolderTransfer\App_Code\SupperAdminPage.cs' -> 'C:\Hao.Backup\FolderTransfer_Web\App_Code\SupperAdminPage.cs'
2013-11-18 11:47:12: Copy New 'D:\工作项目\BackupCow_Web\FolderTransfer\App_Code\TrialDaily.cs' -> 'C:\Hao.Backup\FolderTransfer_Web\App_Code\TrialDaily.cs'
2013-11-18 11:47:12: Copy New 'D:\工作项目\BackupCow_Web\FolderTransfer\App_Code\TrialInfo.cs' -> 'C:\Hao.Backup\FolderTransfer_Web\App_Code\TrialInfo.cs'
2013-11-18 11:47:12: Copy New 'D:\工作项目\BackupCow_Web\FolderTransfer\App_Code\ValidCode.cs' -> 'C:\Hao.Backup\FolderTransfer_Web\App_Code\ValidCode.cs'
2013-11-18 11:47:12: Copy New 'D:\工作项目\BackupCow_Web\FolderTransfer\AppRunMark.aspx' -> 'C:\Hao.Backup\FolderTransfer_Web\AppRunMark.aspx'
2013-11-18 11:47:12: Copy New 'D:\工作项目\BackupCow_Web\FolderTransfer\AppRunMark.aspx.cs' -> 'C:\Hao.Backup\FolderTransfer_Web\AppRunMark.aspx.cs'
2013-11-18 11:47:12: Copy New 'D:\工作项目\BackupCow_Web\FolderTransfer\AppUninstallList.aspx' -> 'C:\Hao.Backup\FolderTransfer_Web\AppUninstallList.aspx'
2013-11-18 11:47:12: Copy New 'D:\工作项目\BackupCow_Web\FolderTransfer\AppUninstallList.aspx.cs' -> 'C:\Hao.Backup\FolderTransfer_Web\AppUninstallList.aspx.cs'
2013-11-18 11:47:12: Copy New 'D:\工作项目\BackupCow_Web\FolderTransfer\AppUninstallMark.aspx' -> 'C:\Hao.Backup\FolderTransfer_Web\AppUninstallMark.aspx'
2013-11-18 11:47:12: Copy New 'D:\工作项目\BackupCow_Web\FolderTransfer\AppUninstallMark.aspx.cs' -> 'C:\Hao.Backup\FolderTransfer_Web\AppUninstallMark.aspx.cs'
2013-11-18 11:47:12: Copy New 'D:\工作项目\BackupCow_Web\FolderTransfer\BackupCow.suo' -> 'C:\Hao.Backup\FolderTransfer_Web\BackupCow.suo'
2013-11-18 11:47:12: Copy New 'D:\工作项目\BackupCow_Web\FolderTransfer\BuyNow.asp' -> 'C:\Hao.Backup\FolderTransfer_Web\BuyNow.asp'
2013-11-18 11:47:12: Copy New 'D:\工作项目\BackupCow_Web\FolderTransfer\BuyNow_annual.asp' -> 'C:\Hao.Backup\FolderTransfer_Web\BuyNow_annual.asp'
2013-11-18 11:47:12: Copy New 'D:\工作项目\BackupCow_Web\FolderTransfer\Company\Default.aspx' -> 'C:\Hao.Backup\FolderTransfer_Web\Company\Default.aspx'
2013-11-18 11:47:12: Copy New 'D:\工作项目\BackupCow_Web\FolderTransfer\Company\Default.aspx.cs' -> 'C:\Hao.Backup\FolderTransfer_Web\Company\Default.aspx.cs'
2013-11-18 11:47:12: Copy New 'D:\工作项目\BackupCow_Web\FolderTransfer\Company\GetCompanyList.aspx' -> 'C:\Hao.Backup\FolderTransfer_Web\Company\GetCompanyList.aspx'
2013-11-18 11:47:12: Copy New 'D:\工作项目\BackupCow_Web\FolderTransfer\Company\GetCompanyList.aspx.cs' -> 'C:\Hao.Backup\FolderTransfer_Web\Company\GetCompanyList.aspx.cs'
2013-11-18 11:47:12: Copy New 'D:\工作项目\BackupCow_Web\FolderTransfer\Company\GetCompanyList.aspx.designer.cs' -> 'C:\Hao.Backup\FolderTransfer_Web\Company\GetCompanyList.aspx.designer.cs'
2013-11-18 11:47:12: Copy New 'D:\工作项目\BackupCow_Web\FolderTransfer\CountryAnalyze.aspx' -> 'C:\Hao.Backup\FolderTransfer_Web\CountryAnalyze.aspx'
2013-11-18 11:47:12: Copy New 'D:\工作项目\BackupCow_Web\FolderTransfer\CountryAnalyze.aspx.cs' -> 'C:\Hao.Backup\FolderTransfer_Web\CountryAnalyze.aspx.cs'
2013-11-18 11:47:12: Copy New 'D:\工作项目\BackupCow_Web\FolderTransfer\css\menu_bottom.css' -> 'C:\Hao.Backup\FolderTransfer_Web\css\menu_bottom.css'
2013-11-18 11:47:12: Copy New 'D:\工作项目\BackupCow_Web\FolderTransfer\css\menu_top.css' -> 'C:\Hao.Backup\FolderTransfer_Web\css\menu_top.css'
2013-11-18 11:47:12: Copy New 'D:\工作项目\BackupCow_Web\FolderTransfer\css\reset.css' -> 'C:\Hao.Backup\FolderTransfer_Web\css\reset.css'
2013-11-18 11:47:12: Copy New 'D:\工作项目\BackupCow_Web\FolderTransfer\css\style1.css' -> 'C:\Hao.Backup\FolderTransfer_Web\css\style1.css'
2013-11-18 11:47:12: Copy New 'D:\工作项目\BackupCow_Web\FolderTransfer\css\vssver2.scc' -> 'C:\Hao.Backup\FolderTransfer_Web\css\vssver2.scc'
2013-11-18 11:47:12: Copy New 'D:\工作项目\BackupCow_Web\FolderTransfer\DailyAnalyze.aspx' -> 'C:\Hao.Backup\FolderTransfer_Web\DailyAnalyze.aspx'
2013-11-18 11:47:12: Copy New 'D:\工作项目\BackupCow_Web\FolderTransfer\DailyAnalyze.aspx.cs' -> 'C:\Hao.Backup\FolderTransfer_Web\DailyAnalyze.aspx.cs'
2013-11-18 11:47:12: Copy New 'D:\工作项目\BackupCow_Web\FolderTransfer\DataBaseManager.aspx' -> 'C:\Hao.Backup\FolderTransfer_Web\DataBaseManager.aspx'
2013-11-18 11:47:12: Copy New 'D:\工作项目\BackupCow_Web\FolderTransfer\DataBaseManager.aspx.cs' -> 'C:\Hao.Backup\FolderTransfer_Web\DataBaseManager.aspx.cs'
2013-11-18 11:47:12: Copy New 'D:\工作项目\BackupCow_Web\FolderTransfer\Down.aspx' -> 'C:\Hao.Backup\FolderTransfer_Web\Down.aspx'
2013-11-18 11:47:12: Copy New 'D:\工作项目\BackupCow_Web\FolderTransfer\Down.aspx.cs' -> 'C:\Hao.Backup\FolderTransfer_Web\Down.aspx.cs'
2013-11-18 11:47:12: Copy New 'D:\工作项目\BackupCow_Web\FolderTransfer\Down.aspx.designer.cs' -> 'C:\Hao.Backup\FolderTransfer_Web\Down.aspx.designer.cs'
2013-11-18 11:47:12: Copy New 'D:\工作项目\BackupCow_Web\FolderTransfer\download.aspx' -> 'C:\Hao.Backup\FolderTransfer_Web\download.aspx'
2013-11-18 11:47:12: Copy New 'D:\工作项目\BackupCow_Web\FolderTransfer\download.aspx.cs' -> 'C:\Hao.Backup\FolderTransfer_Web\download.aspx.cs'
2013-11-18 11:47:12: Copy New 'D:\工作项目\BackupCow_Web\FolderTransfer\download.aspx.designer.cs' -> 'C:\Hao.Backup\FolderTransfer_Web\download.aspx.designer.cs'
2013-11-18 11:47:12: Copy New 'D:\工作项目\BackupCow_Web\FolderTransfer\foldertransfer.ico' -> 'C:\Hao.Backup\FolderTransfer_Web\foldertransfer.ico'
2013-11-18 11:47:12: Copy New 'D:\工作项目\BackupCow_Web\FolderTransfer\FolderTransfer.suo' -> 'C:\Hao.Backup\FolderTransfer_Web\FolderTransfer.suo'
2013-11-18 11:47:12: Copy New 'D:\工作项目\BackupCow_Web\FolderTransfer\footer.asp' -> 'C:\Hao.Backup\FolderTransfer_Web\footer.asp'
2013-11-18 11:47:12: Copy New 'D:\工作项目\BackupCow_Web\FolderTransfer\ForgetPassword.aspx' -> 'C:\Hao.Backup\FolderTransfer_Web\ForgetPassword.aspx'
2013-11-18 11:47:12: Copy New 'D:\工作项目\BackupCow_Web\FolderTransfer\ForgetPassword.aspx.cs' -> 'C:\Hao.Backup\FolderTransfer_Web\ForgetPassword.aspx.cs'
2013-11-18 11:47:12: Copy New 'D:\工作项目\BackupCow_Web\FolderTransfer\Global.asax' -> 'C:\Hao.Backup\FolderTransfer_Web\Global.asax'
2013-11-18 11:47:12: Copy New 'D:\工作项目\BackupCow_Web\FolderTransfer\header.asp' -> 'C:\Hao.Backup\FolderTransfer_Web\header.asp'
2013-11-18 11:47:12: Copy New 'D:\工作项目\BackupCow_Web\FolderTransfer\images\body_bg.png' -> 'C:\Hao.Backup\FolderTransfer_Web\images\body_bg.png'
2013-11-18 11:47:12: Copy New 'D:\工作项目\BackupCow_Web\FolderTransfer\images\bodyfront_bg.jpg' -> 'C:\Hao.Backup\FolderTransfer_Web\images\bodyfront_bg.jpg'
2013-11-18 11:47:12: Copy New 'D:\工作项目\BackupCow_Web\FolderTransfer\images\bottom_bg.png' -> 'C:\Hao.Backup\FolderTransfer_Web\images\bottom_bg.png'
2013-11-18 11:47:12: Copy New 'D:\工作项目\BackupCow_Web\FolderTransfer\images\box_blue_bg.png' -> 'C:\Hao.Backup\FolderTransfer_Web\images\box_blue_bg.png'
2013-11-18 11:47:12: Copy New 'D:\工作项目\BackupCow_Web\FolderTransfer\images\box_blue_bottom.png' -> 'C:\Hao.Backup\FolderTransfer_Web\images\box_blue_bottom.png'
2013-11-18 11:47:12: Copy New 'D:\工作项目\BackupCow_Web\FolderTransfer\images\box_blue_top.png' -> 'C:\Hao.Backup\FolderTransfer_Web\images\box_blue_top.png'
2013-11-18 11:47:12: Copy New 'D:\工作项目\BackupCow_Web\FolderTransfer\images\box_orange_bg.png' -> 'C:\Hao.Backup\FolderTransfer_Web\images\box_orange_bg.png'
2013-11-18 11:47:12: Copy New 'D:\工作项目\BackupCow_Web\FolderTransfer\images\box_orange_bottom.png' -> 'C:\Hao.Backup\FolderTransfer_Web\images\box_orange_bottom.png'
2013-11-18 11:47:12: Copy New 'D:\工作项目\BackupCow_Web\FolderTransfer\images\box_orange_top.png' -> 'C:\Hao.Backup\FolderTransfer_Web\images\box_orange_top.png'
2013-11-18 11:47:12: Copy New 'D:\工作项目\BackupCow_Web\FolderTransfer\images\cart_icon-trans.png' -> 'C:\Hao.Backup\FolderTransfer_Web\images\cart_icon-trans.png'
2013-11-18 11:47:12: Copy New 'D:\工作项目\BackupCow_Web\FolderTransfer\images\close.png' -> 'C:\Hao.Backup\FolderTransfer_Web\images\close.png'
2013-11-18 11:47:12: Copy New 'D:\工作项目\BackupCow_Web\FolderTransfer\images\contact_icon-trans.png' -> 'C:\Hao.Backup\FolderTransfer_Web\images\contact_icon-trans.png'
2013-11-18 11:47:12: Copy New 'D:\工作项目\BackupCow_Web\FolderTransfer\images\d1.jpg' -> 'C:\Hao.Backup\FolderTransfer_Web\images\d1.jpg'
2013-11-18 11:47:12: Copy New 'D:\工作项目\BackupCow_Web\FolderTransfer\images\directory.gif' -> 'C:\Hao.Backup\FolderTransfer_Web\images\directory.gif'
2013-11-18 11:47:12: Copy New 'D:\工作项目\BackupCow_Web\FolderTransfer\images\disc.jpg' -> 'C:\Hao.Backup\FolderTransfer_Web\images\disc.jpg'
2013-11-18 11:47:12: Copy New 'D:\工作项目\BackupCow_Web\FolderTransfer\images\download.gif' -> 'C:\Hao.Backup\FolderTransfer_Web\images\download.gif'
2013-11-18 11:47:12: Copy New 'D:\工作项目\BackupCow_Web\FolderTransfer\images\download_icon-trans.png' -> 'C:\Hao.Backup\FolderTransfer_Web\images\download_icon-trans.png'
2013-11-18 11:47:12: Copy New 'D:\工作项目\BackupCow_Web\FolderTransfer\images\fullexpand.gif' -> 'C:\Hao.Backup\FolderTransfer_Web\images\fullexpand.gif'
2013-11-18 11:47:12: Copy New 'D:\工作项目\BackupCow_Web\FolderTransfer\images\go.png' -> 'C:\Hao.Backup\FolderTransfer_Web\images\go.png'
2013-11-18 11:47:12: Copy New 'D:\工作项目\BackupCow_Web\FolderTransfer\images\h_blue_bg.png' -> 'C:\Hao.Backup\FolderTransfer_Web\images\h_blue_bg.png'
2013-11-18 11:47:12: Copy New 'D:\工作项目\BackupCow_Web\FolderTransfer\images\help_icon-trans.png' -> 'C:\Hao.Backup\FolderTransfer_Web\images\help_icon-trans.png'
2013-11-18 11:47:12: Copy New 'D:\工作项目\BackupCow_Web\FolderTransfer\images\home_icon-trans.png' -> 'C:\Hao.Backup\FolderTransfer_Web\images\home_icon-trans.png'
2013-11-18 11:47:12: Copy New 'D:\工作项目\BackupCow_Web\FolderTransfer\images\kc_products.jpg' -> 'C:\Hao.Backup\FolderTransfer_Web\images\kc_products.jpg'
2013-11-18 11:47:12: Copy New 'D:\工作项目\BackupCow_Web\FolderTransfer\images\livechat.jpg' -> 'C:\Hao.Backup\FolderTransfer_Web\images\livechat.jpg'
2013-11-18 11:47:12: Copy New 'D:\工作项目\BackupCow_Web\FolderTransfer\images\livechat.png' -> 'C:\Hao.Backup\FolderTransfer_Web\images\livechat.png'
2013-11-18 11:47:12: Copy New 'D:\工作项目\BackupCow_Web\FolderTransfer\images\livechat_button.png' -> 'C:\Hao.Backup\FolderTransfer_Web\images\livechat_button.png'
2013-11-18 11:47:12: Copy New 'D:\工作项目\BackupCow_Web\FolderTransfer\images\loader.gif' -> 'C:\Hao.Backup\FolderTransfer_Web\images\loader.gif'
2013-11-18 11:47:12: Copy New 'D:\工作项目\BackupCow_Web\FolderTransfer\images\loader_white.gif' -> 'C:\Hao.Backup\FolderTransfer_Web\images\loader_white.gif'
2013-11-18 11:47:12: Copy New 'D:\工作项目\BackupCow_Web\FolderTransfer\images\loading.gif' -> 'C:\Hao.Backup\FolderTransfer_Web\images\loading.gif'
2013-11-18 11:47:12: Copy New 'D:\工作项目\BackupCow_Web\FolderTransfer\images\menu.gif' -> 'C:\Hao.Backup\FolderTransfer_Web\images\menu.gif'
2013-11-18 11:47:12: Copy New 'D:\工作项目\BackupCow_Web\FolderTransfer\images\myaccount_icon-trans.png' -> 'C:\Hao.Backup\FolderTransfer_Web\images\myaccount_icon-trans.png'
2013-11-18 11:47:12: Copy New 'D:\工作项目\BackupCow_Web\FolderTransfer\images\nav.jpg' -> 'C:\Hao.Backup\FolderTransfer_Web\images\nav.jpg'
2013-11-18 11:47:12: Copy New 'D:\工作项目\BackupCow_Web\FolderTransfer\images\Nav1.png' -> 'C:\Hao.Backup\FolderTransfer_Web\images\Nav1.png'
2013-11-18 11:47:12: Copy New 'D:\工作项目\BackupCow_Web\FolderTransfer\images\newaccount_icon-trans.png' -> 'C:\Hao.Backup\FolderTransfer_Web\images\newaccount_icon-trans.png'
2013-11-18 11:47:12: Copy New 'D:\工作项目\BackupCow_Web\FolderTransfer\images\pdf.gif' -> 'C:\Hao.Backup\FolderTransfer_Web\images\pdf.gif'
2013-11-18 11:47:12: Copy New 'D:\工作项目\BackupCow_Web\FolderTransfer\images\Pointer1.png' -> 'C:\Hao.Backup\FolderTransfer_Web\images\Pointer1.png'
2013-11-18 11:47:12: Copy New 'D:\工作项目\BackupCow_Web\FolderTransfer\images\Pointer2.png' -> 'C:\Hao.Backup\FolderTransfer_Web\images\Pointer2.png'
2013-11-18 11:47:12: Copy New 'D:\工作项目\BackupCow_Web\FolderTransfer\images\Pointer3.png' -> 'C:\Hao.Backup\FolderTransfer_Web\images\Pointer3.png'
2013-11-18 11:47:12: Copy New 'D:\工作项目\BackupCow_Web\FolderTransfer\images\products_icon-screen.png' -> 'C:\Hao.Backup\FolderTransfer_Web\images\products_icon-screen.png'
2013-11-18 11:47:12: Copy New 'D:\工作项目\BackupCow_Web\FolderTransfer\images\products_icon-trans.png' -> 'C:\Hao.Backup\FolderTransfer_Web\images\products_icon-trans.png'
2013-11-18 11:47:12: Copy New 'D:\工作项目\BackupCow_Web\FolderTransfer\images\resize.gif' -> 'C:\Hao.Backup\FolderTransfer_Web\images\resize.gif'
2013-11-18 11:47:12: Copy New 'D:\工作项目\BackupCow_Web\FolderTransfer\images\sitemap_icon-trans.png' -> 'C:\Hao.Backup\FolderTransfer_Web\images\sitemap_icon-trans.png'
2013-11-18 11:47:12: Copy New 'D:\工作项目\BackupCow_Web\FolderTransfer\images\strzalka.png' -> 'C:\Hao.Backup\FolderTransfer_Web\images\strzalka.png'
2013-11-18 11:47:12: Copy New 'D:\工作项目\BackupCow_Web\FolderTransfer\images\ticket_message.jpg' -> 'C:\Hao.Backup\FolderTransfer_Web\images\ticket_message.jpg'
2013-11-18 11:47:12: Copy New 'D:\工作项目\BackupCow_Web\FolderTransfer\images\ticket_message_button.png' -> 'C:\Hao.Backup\FolderTransfer_Web\images\ticket_message_button.png'
2013-11-18 11:47:12: Copy New 'D:\工作项目\BackupCow_Web\FolderTransfer\images\ticketsystem.png' -> 'C:\Hao.Backup\FolderTransfer_Web\images\ticketsystem.png'
2013-11-18 11:47:12: Copy New 'D:\工作项目\BackupCow_Web\FolderTransfer\images\trafficmonitoring.png' -> 'C:\Hao.Backup\FolderTransfer_Web\images\trafficmonitoring.png'
2013-11-18 11:47:12: Copy New 'D:\工作项目\BackupCow_Web\FolderTransfer\images\txt.png' -> 'C:\Hao.Backup\FolderTransfer_Web\images\txt.png'
2013-11-18 11:47:12: Copy New 'D:\工作项目\BackupCow_Web\FolderTransfer\images\vssver2.scc' -> 'C:\Hao.Backup\FolderTransfer_Web\images\vssver2.scc'
2013-11-18 11:47:12: Copy New 'D:\工作项目\BackupCow_Web\FolderTransfer\images\xml.png' -> 'C:\Hao.Backup\FolderTransfer_Web\images\xml.png'
2013-11-18 11:47:12: Copy New 'D:\工作项目\BackupCow_Web\FolderTransfer\images\yes.gif' -> 'C:\Hao.Backup\FolderTransfer_Web\images\yes.gif'
2013-11-18 11:47:12: Copy New 'D:\工作项目\BackupCow_Web\FolderTransfer\images\zoom-img.png' -> 'C:\Hao.Backup\FolderTransfer_Web\images\zoom-img.png'
2013-11-18 11:47:12: Copy New 'D:\工作项目\BackupCow_Web\FolderTransfer\images\zoom-link.gif' -> 'C:\Hao.Backup\FolderTransfer_Web\images\zoom-link.gif'
2013-11-18 11:47:12: Copy New 'D:\工作项目\BackupCow_Web\FolderTransfer\images1\Manual\Joinagroup.PNG' -> 'C:\Hao.Backup\FolderTransfer_Web\images1\Manual\Joinagroup.PNG'
2013-11-18 11:47:12: Copy New 'D:\工作项目\BackupCow_Web\FolderTransfer\images1\Manual\Signup.jpg' -> 'C:\Hao.Backup\FolderTransfer_Web\images1\Manual\Signup.jpg'
2013-11-18 11:47:12: Copy New 'D:\工作项目\BackupCow_Web\FolderTransfer\images1\Manual\StartJoin.PNG' -> 'C:\Hao.Backup\FolderTransfer_Web\images1\Manual\StartJoin.PNG'
2013-11-18 11:47:12: Copy New 'D:\工作项目\BackupCow_Web\FolderTransfer\images1\ss\000_Backup_Network.PNG' -> 'C:\Hao.Backup\FolderTransfer_Web\images1\ss\000_Backup_Network.PNG'
2013-11-18 11:47:12: Copy New 'D:\工作项目\BackupCow_Web\FolderTransfer\images1\ss\010_Backup_Local.PNG' -> 'C:\Hao.Backup\FolderTransfer_Web\images1\ss\010_Backup_Local.PNG'
2013-11-18 11:47:13: Copy New 'D:\工作项目\BackupCow_Web\FolderTransfer\images1\ss\020_Retore_SelectPc.PNG' -> 'C:\Hao.Backup\FolderTransfer_Web\images1\ss\020_Retore_SelectPc.PNG'
2013-11-18 11:47:13: Copy New 'D:\工作项目\BackupCow_Web\FolderTransfer\images1\ss\030_Restore_SelectFile.PNG' -> 'C:\Hao.Backup\FolderTransfer_Web\images1\ss\030_Restore_SelectFile.PNG'
2013-11-18 11:47:13: Copy New 'D:\工作项目\BackupCow_Web\FolderTransfer\images1\ss\040_Rstore_History.PNG' -> 'C:\Hao.Backup\FolderTransfer_Web\images1\ss\040_Rstore_History.PNG'
2013-11-18 11:47:13: Copy New 'D:\工作项目\BackupCow_Web\FolderTransfer\images1\ss\050_FileSearch.PNG' -> 'C:\Hao.Backup\FolderTransfer_Web\images1\ss\050_FileSearch.PNG'
2013-11-18 11:47:13: Copy New 'D:\工作项目\BackupCow_Web\FolderTransfer\images1\ss\060_CloudStatus_All.PNG' -> 'C:\Hao.Backup\FolderTransfer_Web\images1\ss\060_CloudStatus_All.PNG'
2013-11-18 11:47:13: Copy New 'D:\工作项目\BackupCow_Web\FolderTransfer\images1\ss\070_loudStatus_MyBackup.PNG' -> 'C:\Hao.Backup\FolderTransfer_Web\images1\ss\070_loudStatus_MyBackup.PNG'
2013-11-18 11:47:13: Copy New 'D:\工作项目\BackupCow_Web\FolderTransfer\images1\ss\080_FileTransfer_Send.PNG' -> 'C:\Hao.Backup\FolderTransfer_Web\images1\ss\080_FileTransfer_Send.PNG'
2013-11-18 11:47:13: Copy New 'D:\工作项目\BackupCow_Web\FolderTransfer\images1\ss\090_FileTransfer_Rev.PNG' -> 'C:\Hao.Backup\FolderTransfer_Web\images1\ss\090_FileTransfer_Rev.PNG'
2013-11-18 11:47:13: Copy New 'D:\工作项目\BackupCow_Web\FolderTransfer\images1\ss\100_TransferStatus.PNG' -> 'C:\Hao.Backup\FolderTransfer_Web\images1\ss\100_TransferStatus.PNG'
2013-11-18 11:47:13: Copy New 'D:\工作项目\BackupCow_Web\FolderTransfer\images1\ss\110_RemoteNetwork_Select.PNG' -> 'C:\Hao.Backup\FolderTransfer_Web\images1\ss\110_RemoteNetwork_Select.PNG'
2013-11-18 11:47:13: Copy New 'D:\工作项目\BackupCow_Web\FolderTransfer\images1\ss\120_RenoteNetwork_Input.PNG' -> 'C:\Hao.Backup\FolderTransfer_Web\images1\ss\120_RenoteNetwork_Input.PNG'
2013-11-18 11:47:13: Copy New 'D:\工作项目\BackupCow_Web\FolderTransfer\images1\ss\130_RemoteNetwork_Enter.PNG' -> 'C:\Hao.Backup\FolderTransfer_Web\images1\ss\130_RemoteNetwork_Enter.PNG'
2013-11-18 11:47:13: Copy New 'D:\工作项目\BackupCow_Web\FolderTransfer\images1\ss\Network_Remote.jpg' -> 'C:\Hao.Backup\FolderTransfer_Web\images1\ss\Network_Remote.jpg'
2013-11-18 11:47:13: Copy New 'D:\工作项目\BackupCow_Web\FolderTransfer\images1\ss\Register.PNG' -> 'C:\Hao.Backup\FolderTransfer_Web\images1\ss\Register.PNG'
2013-11-18 11:47:13: Copy New 'D:\工作项目\BackupCow_Web\FolderTransfer\images1\ss\Remote1.jpg' -> 'C:\Hao.Backup\FolderTransfer_Web\images1\ss\Remote1.jpg'
2013-11-18 11:47:13: Copy New 'D:\工作项目\BackupCow_Web\FolderTransfer\images1\ss\Setting_RemoteNetwork_Add.jpg' -> 'C:\Hao.Backup\FolderTransfer_Web\images1\ss\Setting_RemoteNetwork_Add.jpg'
2013-11-18 11:47:13: Copy New 'D:\工作项目\BackupCow_Web\FolderTransfer\Instruction.aspx' -> 'C:\Hao.Backup\FolderTransfer_Web\Instruction.aspx'
2013-11-18 11:47:13: Copy New 'D:\工作项目\BackupCow_Web\FolderTransfer\Instruction.aspx.cs' -> 'C:\Hao.Backup\FolderTransfer_Web\Instruction.aspx.cs'
2013-11-18 11:47:13: Copy New 'D:\工作项目\BackupCow_Web\FolderTransfer\ip\Default.aspx' -> 'C:\Hao.Backup\FolderTransfer_Web\ip\Default.aspx'
2013-11-18 11:47:13: Copy New 'D:\工作项目\BackupCow_Web\FolderTransfer\ip\Default.aspx.cs' -> 'C:\Hao.Backup\FolderTransfer_Web\ip\Default.aspx.cs'
2013-11-18 11:47:13: Copy New 'D:\工作项目\BackupCow_Web\FolderTransfer\ip\Default.aspx.designer.cs' -> 'C:\Hao.Backup\FolderTransfer_Web\ip\Default.aspx.designer.cs'
2013-11-18 11:47:13: Copy New 'D:\工作项目\BackupCow_Web\FolderTransfer\Login.aspx' -> 'C:\Hao.Backup\FolderTransfer_Web\Login.aspx'
2013-11-18 11:47:13: Copy New 'D:\工作项目\BackupCow_Web\FolderTransfer\Login.aspx.cs' -> 'C:\Hao.Backup\FolderTransfer_Web\Login.aspx.cs'
2013-11-18 11:47:13: Copy New 'D:\工作项目\BackupCow_Web\FolderTransfer\Login.aspx.designer.cs' -> 'C:\Hao.Backup\FolderTransfer_Web\Login.aspx.designer.cs'
2013-11-18 11:47:13: Copy New 'D:\工作项目\BackupCow_Web\FolderTransfer\Logout.aspx' -> 'C:\Hao.Backup\FolderTransfer_Web\Logout.aspx'
2013-11-18 11:47:13: Copy New 'D:\工作项目\BackupCow_Web\FolderTransfer\Logout.aspx.cs' -> 'C:\Hao.Backup\FolderTransfer_Web\Logout.aspx.cs'
2013-11-18 11:47:13: Copy New 'D:\工作项目\BackupCow_Web\FolderTransfer\Logout.aspx.designer.cs' -> 'C:\Hao.Backup\FolderTransfer_Web\Logout.aspx.designer.cs'
2013-11-18 11:47:13: Copy New 'D:\工作项目\BackupCow_Web\FolderTransfer\MasterPage.master' -> 'C:\Hao.Backup\FolderTransfer_Web\MasterPage.master'
2013-11-18 11:47:13: Copy New 'D:\工作项目\BackupCow_Web\FolderTransfer\MasterPage.master.cs' -> 'C:\Hao.Backup\FolderTransfer_Web\MasterPage.master.cs'
2013-11-18 11:47:13: Copy New 'D:\工作项目\BackupCow_Web\FolderTransfer\MasterPage.master.designer.cs' -> 'C:\Hao.Backup\FolderTransfer_Web\MasterPage.master.designer.cs'
2013-11-18 11:47:13: Copy New 'D:\工作项目\BackupCow_Web\FolderTransfer\OrderAdd.aspx' -> 'C:\Hao.Backup\FolderTransfer_Web\OrderAdd.aspx'
2013-11-18 11:47:13: Copy New 'D:\工作项目\BackupCow_Web\FolderTransfer\OrderAdd.aspx.cs' -> 'C:\Hao.Backup\FolderTransfer_Web\OrderAdd.aspx.cs'
2013-11-18 11:47:13: Copy New 'D:\工作项目\BackupCow_Web\FolderTransfer\OrderAdd.aspx.designer.cs' -> 'C:\Hao.Backup\FolderTransfer_Web\OrderAdd.aspx.designer.cs'
2013-11-18 11:47:13: Copy New 'D:\工作项目\BackupCow_Web\FolderTransfer\OrderEdit.aspx' -> 'C:\Hao.Backup\FolderTransfer_Web\OrderEdit.aspx'
2013-11-18 11:47:13: Copy New 'D:\工作项目\BackupCow_Web\FolderTransfer\OrderEdit.aspx.cs' -> 'C:\Hao.Backup\FolderTransfer_Web\OrderEdit.aspx.cs'
2013-11-18 11:47:13: Copy New 'D:\工作项目\BackupCow_Web\FolderTransfer\OrderEdit.aspx.designer.cs' -> 'C:\Hao.Backup\FolderTransfer_Web\OrderEdit.aspx.designer.cs'
2013-11-18 11:47:13: Copy New 'D:\工作项目\BackupCow_Web\FolderTransfer\Orders.aspx' -> 'C:\Hao.Backup\FolderTransfer_Web\Orders.aspx'
2013-11-18 11:47:13: Copy New 'D:\工作项目\BackupCow_Web\FolderTransfer\Orders.aspx.cs' -> 'C:\Hao.Backup\FolderTransfer_Web\Orders.aspx.cs'
2013-11-18 11:47:13: Copy New 'D:\工作项目\BackupCow_Web\FolderTransfer\Orders.aspx.designer.cs' -> 'C:\Hao.Backup\FolderTransfer_Web\Orders.aspx.designer.cs'
2013-11-18 11:47:13: Copy New 'D:\工作项目\BackupCow_Web\FolderTransfer\OtherPage.aspx' -> 'C:\Hao.Backup\FolderTransfer_Web\OtherPage.aspx'
2013-11-18 11:47:13: Copy New 'D:\工作项目\BackupCow_Web\FolderTransfer\OtherPage.aspx.cs' -> 'C:\Hao.Backup\FolderTransfer_Web\OtherPage.aspx.cs'
2013-11-18 11:47:13: Copy New 'D:\工作项目\BackupCow_Web\FolderTransfer\PasswordChange.aspx' -> 'C:\Hao.Backup\FolderTransfer_Web\PasswordChange.aspx'
2013-11-18 11:47:13: Copy New 'D:\工作项目\BackupCow_Web\FolderTransfer\PasswordChange.aspx.cs' -> 'C:\Hao.Backup\FolderTransfer_Web\PasswordChange.aspx.cs'
2013-11-18 11:47:13: Copy New 'D:\工作项目\BackupCow_Web\FolderTransfer\PasswordForgetCheck.aspx' -> 'C:\Hao.Backup\FolderTransfer_Web\PasswordForgetCheck.aspx'
2013-11-18 11:47:13: Copy New 'D:\工作项目\BackupCow_Web\FolderTransfer\PasswordForgetCheck.aspx.cs' -> 'C:\Hao.Backup\FolderTransfer_Web\PasswordForgetCheck.aspx.cs'
2013-11-18 11:47:13: Copy New 'D:\工作项目\BackupCow_Web\FolderTransfer\Properties\AssemblyInfo.cs' -> 'C:\Hao.Backup\FolderTransfer_Web\Properties\AssemblyInfo.cs'
2013-11-18 11:47:13: Copy New 'D:\工作项目\BackupCow_Web\FolderTransfer\Properties\vssver2.scc' -> 'C:\Hao.Backup\FolderTransfer_Web\Properties\vssver2.scc'
2013-11-18 11:47:13: Copy New 'D:\工作项目\BackupCow_Web\FolderTransfer\ReceiveMail.cs' -> 'C:\Hao.Backup\FolderTransfer_Web\ReceiveMail.cs'
2013-11-18 11:47:13: Copy New 'D:\工作项目\BackupCow_Web\FolderTransfer\Register.sln' -> 'C:\Hao.Backup\FolderTransfer_Web\Register.sln'
2013-11-18 11:47:13: Copy New 'D:\工作项目\BackupCow_Web\FolderTransfer\RemoteGroup.aspx' -> 'C:\Hao.Backup\FolderTransfer_Web\RemoteGroup.aspx'
2013-11-18 11:47:13: Copy New 'D:\工作项目\BackupCow_Web\FolderTransfer\RemoteGroup.aspx.cs' -> 'C:\Hao.Backup\FolderTransfer_Web\RemoteGroup.aspx.cs'
2013-11-18 11:47:13: Copy New 'D:\工作项目\BackupCow_Web\FolderTransfer\RemoteGroup.aspx.designer.cs' -> 'C:\Hao.Backup\FolderTransfer_Web\RemoteGroup.aspx.designer.cs'
2013-11-18 11:47:13: Copy New 'D:\工作项目\BackupCow_Web\FolderTransfer\RemoteGroup.Master' -> 'C:\Hao.Backup\FolderTransfer_Web\RemoteGroup.Master'
2013-11-18 11:47:13: Copy New 'D:\工作项目\BackupCow_Web\FolderTransfer\RemoteGroup.Master.cs' -> 'C:\Hao.Backup\FolderTransfer_Web\RemoteGroup.Master.cs'
2013-11-18 11:47:13: Copy New 'D:\工作项目\BackupCow_Web\FolderTransfer\RemoteGroup.Master.designer.cs' -> 'C:\Hao.Backup\FolderTransfer_Web\RemoteGroup.Master.designer.cs'
2013-11-18 11:47:13: Copy New 'D:\工作项目\BackupCow_Web\FolderTransfer\RemoteGroupSignup.aspx' -> 'C:\Hao.Backup\FolderTransfer_Web\RemoteGroupSignup.aspx'
2013-11-18 11:47:13: Copy New 'D:\工作项目\BackupCow_Web\FolderTransfer\RemoteGroupSignup.aspx.cs' -> 'C:\Hao.Backup\FolderTransfer_Web\RemoteGroupSignup.aspx.cs'
2013-11-18 11:47:13: Copy New 'D:\工作项目\BackupCow_Web\FolderTransfer\SendContactUs.aspx' -> 'C:\Hao.Backup\FolderTransfer_Web\SendContactUs.aspx'
2013-11-18 11:47:13: Copy New 'D:\工作项目\BackupCow_Web\FolderTransfer\SendContactUs.aspx.cs' -> 'C:\Hao.Backup\FolderTransfer_Web\SendContactUs.aspx.cs'
2013-11-18 11:47:13: Copy New 'D:\工作项目\BackupCow_Web\FolderTransfer\SignupCompleted.aspx' -> 'C:\Hao.Backup\FolderTransfer_Web\SignupCompleted.aspx'
2013-11-18 11:47:13: Copy New 'D:\工作项目\BackupCow_Web\FolderTransfer\SignupCompleted.aspx.cs' -> 'C:\Hao.Backup\FolderTransfer_Web\SignupCompleted.aspx.cs'
2013-11-18 11:47:13: Copy New 'D:\工作项目\BackupCow_Web\FolderTransfer\SuggestionList.aspx' -> 'C:\Hao.Backup\FolderTransfer_Web\SuggestionList.aspx'
2013-11-18 11:47:13: Copy New 'D:\工作项目\BackupCow_Web\FolderTransfer\SuggestionList.aspx.cs' -> 'C:\Hao.Backup\FolderTransfer_Web\SuggestionList.aspx.cs'
2013-11-18 11:47:13: Copy New 'D:\工作项目\BackupCow_Web\FolderTransfer\SuggestionMark.aspx' -> 'C:\Hao.Backup\FolderTransfer_Web\SuggestionMark.aspx'
2013-11-18 11:47:13: Copy New 'D:\工作项目\BackupCow_Web\FolderTransfer\SuggestionMark.aspx.cs' -> 'C:\Hao.Backup\FolderTransfer_Web\SuggestionMark.aspx.cs'
2013-11-18 11:47:13: Copy New 'D:\工作项目\BackupCow_Web\FolderTransfer\TestApp.aspx' -> 'C:\Hao.Backup\FolderTransfer_Web\TestApp.aspx'
2013-11-18 11:47:13: Copy New 'D:\工作项目\BackupCow_Web\FolderTransfer\TestApp.aspx.cs' -> 'C:\Hao.Backup\FolderTransfer_Web\TestApp.aspx.cs'
2013-11-18 11:47:13: Copy New 'D:\工作项目\BackupCow_Web\FolderTransfer\Trial.aspx' -> 'C:\Hao.Backup\FolderTransfer_Web\Trial.aspx'
2013-11-18 11:47:13: Copy New 'D:\工作项目\BackupCow_Web\FolderTransfer\Trial.aspx.cs' -> 'C:\Hao.Backup\FolderTransfer_Web\Trial.aspx.cs'
2013-11-18 11:47:13: Copy New 'D:\工作项目\BackupCow_Web\FolderTransfer\Trial.aspx.designer.cs' -> 'C:\Hao.Backup\FolderTransfer_Web\Trial.aspx.designer.cs'
2013-11-18 11:47:13: Copy New 'D:\工作项目\BackupCow_Web\FolderTransfer\TrialAnalyze.aspx' -> 'C:\Hao.Backup\FolderTransfer_Web\TrialAnalyze.aspx'
2013-11-18 11:47:13: Copy New 'D:\工作项目\BackupCow_Web\FolderTransfer\TrialAnalyze.aspx.cs' -> 'C:\Hao.Backup\FolderTransfer_Web\TrialAnalyze.aspx.cs'
2013-11-18 11:47:13: Copy New 'D:\工作项目\BackupCow_Web\FolderTransfer\TrialDailyPage.aspx' -> 'C:\Hao.Backup\FolderTransfer_Web\TrialDailyPage.aspx'
2013-11-18 11:47:13: Copy New 'D:\工作项目\BackupCow_Web\FolderTransfer\TrialDailyPage.aspx.cs' -> 'C:\Hao.Backup\FolderTransfer_Web\TrialDailyPage.aspx.cs'
2013-11-18 11:47:13: Copy New 'D:\工作项目\BackupCow_Web\FolderTransfer\TrialOne.aspx' -> 'C:\Hao.Backup\FolderTransfer_Web\TrialOne.aspx'
2013-11-18 11:47:13: Copy New 'D:\工作项目\BackupCow_Web\FolderTransfer\TrialOne.aspx.cs' -> 'C:\Hao.Backup\FolderTransfer_Web\TrialOne.aspx.cs'
2013-11-18 11:47:13: Copy New 'D:\工作项目\BackupCow_Web\FolderTransfer\UseAnalyze.aspx' -> 'C:\Hao.Backup\FolderTransfer_Web\UseAnalyze.aspx'
2013-11-18 11:47:13: Copy New 'D:\工作项目\BackupCow_Web\FolderTransfer\UseAnalyze.aspx.cs' -> 'C:\Hao.Backup\FolderTransfer_Web\UseAnalyze.aspx.cs'
2013-11-18 11:47:13: Copy New 'D:\工作项目\BackupCow_Web\FolderTransfer\UseList.aspx' -> 'C:\Hao.Backup\FolderTransfer_Web\UseList.aspx'
2013-11-18 11:47:13: Copy New 'D:\工作项目\BackupCow_Web\FolderTransfer\UseList.aspx.cs' -> 'C:\Hao.Backup\FolderTransfer_Web\UseList.aspx.cs'
2013-11-18 11:47:13: Copy New 'D:\工作项目\BackupCow_Web\FolderTransfer\UserCountry.aspx' -> 'C:\Hao.Backup\FolderTransfer_Web\UserCountry.aspx'
2013-11-18 11:47:13: Copy New 'D:\工作项目\BackupCow_Web\FolderTransfer\UserCountry.aspx.cs' -> 'C:\Hao.Backup\FolderTransfer_Web\UserCountry.aspx.cs'
2013-11-18 11:47:13: Copy New 'D:\工作项目\BackupCow_Web\FolderTransfer\ValidCode.aspx' -> 'C:\Hao.Backup\FolderTransfer_Web\ValidCode.aspx'
2013-11-18 11:47:13: Copy New 'D:\工作项目\BackupCow_Web\FolderTransfer\ValidCode.aspx.cs' -> 'C:\Hao.Backup\FolderTransfer_Web\ValidCode.aspx.cs'
2013-11-18 11:47:13: Copy New 'D:\工作项目\BackupCow_Web\FolderTransfer\Web.config' -> 'C:\Hao.Backup\FolderTransfer_Web\Web.config'
2013-11-18 11:47:13: Items Synced OK: 242, Errors: 
2013-11-18 11:47:13: == Sync Completed. Time: 00:00:02, Speed: 1.19 MB/s (749 KB/s)
2013-11-18 11:47:13: 
