2013-12-06 09:33:07: -- FolderTransfer_Web: ANALYSIS started by On File Change Incremental on 'MING-PC' (GoodSync 9.5.5.5)
2013-12-06 09:33:07: D:\工作项目\BackupCow_Web\FolderTransfer =PropDels=> C:\Hao.Backup\FolderTransfer_Web, UberUnlockedUpload
2013-12-06 09:33:07: Change in: D:\工作项目\BackupCow_Web\FolderTransfer\CountryAnalyze.aspx~RF1197db.TMP
2013-12-06 09:33:07: Change in: D:\工作项目\BackupCow_Web\FolderTransfer\ve-97CC.tmp
2013-12-06 09:33:07: Change in: D:\工作项目\BackupCow_Web\FolderTransfer\CountryAnalyze.aspx
2013-12-06 09:33:07: Changes: 1, Conflicts: , CopyTime: , CopyState: /, Errors: 
2013-12-06 09:33:07: Left to Right: Copy File: 1 
2013-12-06 09:33:07: -- Analysis Completed. Time 00:00:00, Speed: Many files/s
2013-12-06 09:33:07: == FolderTransfer_Web: SYNC started by On File Change Incremental on 'MING-PC'
2013-12-06 09:33:07: D:\工作项目\BackupCow_Web\FolderTransfer =PropDels=> C:\Hao.Backup\FolderTransfer_Web, UberUnlockedUpload
2013-12-06 09:33:07: Copy Over 'D:\工作项目\BackupCow_Web\FolderTransfer\CountryAnalyze.aspx' -> 'C:\Hao.Backup\FolderTransfer_Web\CountryAnalyze.aspx'
2013-12-06 09:33:07: Items Synced OK: 1, Errors: 
2013-12-06 09:33:07: == Sync Completed. Time: 00:00:00, Speed: 
2013-12-06 09:33:07: --- Do one more Analyze to get latest changes of this Sync ---
2013-12-06 09:33:07: -- FolderTransfer_Web: ANALYSIS started by On File Change Incremental on 'MING-PC' (GoodSync 9.5.5.5)
2013-12-06 09:33:07: D:\工作项目\BackupCow_Web\FolderTransfer =PropDels=> C:\Hao.Backup\FolderTransfer_Web, UberUnlockedUpload
2013-12-06 09:33:07: Change in: C:\Hao.Backup\FolderTransfer_Web\CountryAnalyze.aspx
2013-12-06 09:33:07: Changes: , Conflicts: , CopyTime: , CopyState: /, Errors: 
2013-12-06 09:33:07: -- Analysis Completed. Time 00:00:00, Speed: Many files/s
2013-12-06 09:33:07: 
